Parsing L01.tex...
  Extracting sections...
  Found 5 sections
  → 9 chunks created
Parsing L02.tex...
  Extracting sections...
  Found 2 sections
  → 6 chunks created
Parsing L03.tex...
  Extracting sections...
  Found 5 sections
  → 7 chunks created
Parsing L04.tex...
  Extracting sections...
  Found 5 sections
  → 8 chunks created
Parsing L05.tex...
  Extracting sections...
  Found 3 sections
  → 6 chunks created
Parsing L06.tex...
  Extracting sections...
  Found 3 sections
  → 7 chunks created
Parsing L07.tex...
  Extracting sections...
  Found 2 sections
  → 7 chunks created
Parsing L08.tex...
  Extracting sections...
  Found 4 sections
  → 5 chunks created
Parsing L09.tex...
  Extracting sections...
  Found 3 sections
  → 8 chunks created
Parsing L10.tex...
  Extracting sections...
  Found 2 sections
  → 3 chunks created
Parsing L11.tex...
  Extracting sections...
  Found 5 sections
  → 10 chunks created
Parsing L12.tex...
  Extracting sections...
  Found 3 sections
  → 7 chunks created
Parsing L13.tex...
  Extracting sections...
  Found 7 sections
  → 9 chunks created
Parsing L14.tex...
  Extracting sections...
  Found 9 sections
  → 10 chunks created
Parsing L15.tex...
  Extracting sections...
  Found 6 sections
  → 10 chunks created
Parsing L16.tex...
  Extracting sections...
  Found 5 sections
  → 13 chunks created
Parsing L17.tex...
  Extracting sections...
  Found 3 sections
  → 9 chunks created
Parsing L18.tex...
  Extracting sections...
  Found 1 sections
  → 3 chunks created
Parsing L19.tex...
  Extracting sections...
  Found 7 sections
  → 10 chunks created
Parsing L20.tex...
  Extracting sections...
  Found 4 sections
  → 8 chunks created
Parsing L21.tex...
  Extracting sections...
  Found 2 sections
  → 4 chunks created
Parsing L22.tex...
  Extracting sections...
  Found 3 sections
  → 6 chunks created
Parsing L23.tex...
  Extracting sections...
  Found 7 sections
  → 10 chunks created
Parsing L24.tex...
  Extracting sections...
  Found 4 sections
  → 11 chunks created
Parsing L25.tex...
  Extracting sections...
  Found 3 sections
  → 8 chunks created
Parsing L26.tex...
  Extracting sections...
  Found 3 sections
  → 6 chunks created

✓ Total chunks: 200
✓ Saved 200 enhanced chunks to enhanced_chunks.json

================================================================================
SAMPLE ENHANCED CHUNK
================================================================================

Chunk ID: lec02_sec00_subsec01_chunk01
Hierarchy: Lecture 2: Review of Processes and Threads > Past is Prologue > The Process and the Thread

Source Traceability:
  File: lecs\L02.tex
  Lines: 10-10
  Characters: 3158-5984
  PDF: compiled\L02.pdf, pages 1-1

Content Features:
  Code: True
  Math: True
  Images: ['images/pcb.png', 'images/process-switch.png', 'images/5-state-model.png', 'images/7-state-model.png']
  Keywords: Having, Thus, Microsoft Word, Similarly, Firefox

Text Preview:
  process into the PCB. This includes the Program Counter variable (so the program can resume from exactly where it left off) and the Register variables (so the state of the CPU goes back to how it was)...